2021-07-22 12:12:18,395 INFO org.springframework.boot.StartupInfoLogger [restartedMain] Starting FullStackProjectTrainingApplication using Java 11.0.11 on LAPTOP-4JGJ2UTT with PID 11364 (C:\My_Projects\Main_Project\web-admin\target\classes started by Krishna Keshari in C:\My_Projects\Main_Project\web-admin)
2021-07-22 12:12:18,398 INFO org.springframework.boot.SpringApplication [restartedMain] No active profile set, falling back to default profiles: default
2021-07-22 12:12:19,009 INFO org.springframework.data.repository.config.RepositoryConfigurationDelegate [restartedMain] Bootstrapping Spring Data JPA repositories in DEFAULT mode.
2021-07-22 12:12:19,045 INFO org.springframework.data.repository.config.RepositoryConfigurationDelegate [restartedMain] Finished Spring Data repository scanning in 33 ms. Found 1 JPA repository interfaces.
2021-07-22 12:12:19,255 INFO org.springframework.boot.web.embedded.tomcat.TomcatWebServer [restartedMain] Tomcat initialized with port(s): 8082 (http)
2021-07-22 12:12:19,256 INFO org.apache.juli.logging.DirectJDKLog [restartedMain] Starting service [Tomcat]
2021-07-22 12:12:19,257 INFO org.apache.juli.logging.DirectJDKLog [restartedMain] Starting Servlet engine: [Apache Tomcat/9.0.48]
2021-07-22 12:12:19,302 INFO org.apache.juli.logging.DirectJDKLog [restartedMain] Initializing Spring embedded WebApplicationContext
2021-07-22 12:12:19,303 INFO org.springframework.boot.web.servlet.context.ServletWebServerApplicationContext [restartedMain] Root WebApplicationContext: initialization completed in 901 ms
2021-07-22 12:12:19,335 INFO com.zaxxer.hikari.HikariDataSource [restartedMain] HikariPool-9 - Starting...
2021-07-22 12:12:19,339 INFO com.zaxxer.hikari.HikariDataSource [restartedMain] HikariPool-9 - Start completed.
2021-07-22 12:12:19,339 INFO org.springframework.boot.autoconfigure.h2.H2ConsoleAutoConfiguration [restartedMain] H2 console available at '/h2-console'. Database available at 'jdbc:h2:mem:testdb'
2021-07-22 12:12:19,389 INFO org.hibernate.jpa.internal.util.LogHelper [restartedMain] HHH000204: Processing PersistenceUnitInfo [name: default]
2021-07-22 12:12:19,398 INFO org.hibernate.dialect.Dialect [restartedMain] HHH000400: Using dialect: org.hibernate.dialect.H2Dialect
2021-07-22 12:12:19,448 INFO org.hibernate.engine.transaction.jta.platform.internal.JtaPlatformInitiator [restartedMain] HHH000490: Using JtaPlatform implementation: [org.hibernate.engine.transaction.jta.platform.internal.NoJtaPlatform]
2021-07-22 12:12:19,448 INFO org.springframework.orm.jpa.AbstractEntityManagerFactoryBean [restartedMain] Initialized JPA EntityManagerFactory for persistence unit 'default'
2021-07-22 12:12:19,535 WARN org.springframework.boot.autoconfigure.orm.jpa.JpaBaseConfiguration$JpaWebConfiguration [restartedMain] spring.jpa.open-in-view is enabled by default. Therefore, database queries may be performed during view rendering. Explicitly configure spring.jpa.open-in-view to disable this warning
2021-07-22 12:12:19,663 INFO org.springframework.boot.devtools.autoconfigure.OptionalLiveReloadServer [restartedMain] LiveReload server is running on port 35729
2021-07-22 12:12:19,665 INFO org.springframework.boot.actuate.endpoint.web.EndpointLinksResolver [restartedMain] Exposing 1 endpoint(s) beneath base path '/actuator'
2021-07-22 12:12:19,675 INFO org.springframework.boot.web.embedded.tomcat.TomcatWebServer [restartedMain] Tomcat started on port(s): 8082 (http) with context path ''
2021-07-22 12:12:19,682 INFO org.springframework.boot.StartupInfoLogger [restartedMain] Started FullStackProjectTrainingApplication in 1.395 seconds (JVM running for 5010.216)
2021-07-22 12:12:19,684 INFO org.springframework.boot.devtools.autoconfigure.ConditionEvaluationDeltaLoggingListener [restartedMain] Condition evaluation unchanged
2021-07-22 17:26:42,763 WARN com.zaxxer.hikari.pool.HikariPool$HouseKeeper [HikariPool-9 housekeeper] HikariPool-9 - Thread starvation or clock leap detected (housekeeper delta=3m22s369ms175µs500ns).
